[2021-11-23 22:05:06.272] [info]  Checking for update
[2021-11-23 22:05:06.317] [info]  Generated new staging user ID: ed67434c-a581-5597-842b-21aa018d54cc
[2021-11-23 22:05:06.801] [info]  Update for version 1.29.1 is not available (latest version: 1.29.1, downgrade is disallowed).
[2021-12-27 00:26:41.155] [error] TypeError: Object has been destroyed
    at window_main_WindowMain.<anonymous> (/usr/lib/bitwarden/app.asar/main.js:2491:36)
    at Generator.next (<anonymous>)
    at /usr/lib/bitwarden/app.asar/main.js:2304:71
    at new Promise (<anonymous>)
    at window_main_awaiter (/usr/lib/bitwarden/app.asar/main.js:2300:12)
    at window_main_WindowMain.updateWindowState (/usr/lib/bitwarden/app.asar/main.js:2486:16)
    at window_main_WindowMain.<anonymous> (/usr/lib/bitwarden/app.asar/main.js:2440:28)
    at Generator.next (<anonymous>)
    at /usr/lib/bitwarden/app.asar/main.js:2304:71
    at new Promise (<anonymous>)
[2021-12-27 00:33:07.348] [error] TypeError: Object has been destroyed
    at window_main_WindowMain.<anonymous> (/usr/lib/bitwarden/app.asar/main.js:2491:36)
    at Generator.next (<anonymous>)
    at /usr/lib/bitwarden/app.asar/main.js:2304:71
    at new Promise (<anonymous>)
    at window_main_awaiter (/usr/lib/bitwarden/app.asar/main.js:2300:12)
    at window_main_WindowMain.updateWindowState (/usr/lib/bitwarden/app.asar/main.js:2486:16)
    at window_main_WindowMain.<anonymous> (/usr/lib/bitwarden/app.asar/main.js:2440:28)
    at Generator.next (<anonymous>)
    at /usr/lib/bitwarden/app.asar/main.js:2304:71
    at new Promise (<anonymous>)
[2021-12-27 00:34:49.572] [error] TypeError: Object has been destroyed
    at window_main_WindowMain.<anonymous> (/usr/lib/bitwarden/app.asar/main.js:2491:36)
    at Generator.next (<anonymous>)
    at /usr/lib/bitwarden/app.asar/main.js:2304:71
    at new Promise (<anonymous>)
    at window_main_awaiter (/usr/lib/bitwarden/app.asar/main.js:2300:12)
    at window_main_WindowMain.updateWindowState (/usr/lib/bitwarden/app.asar/main.js:2486:16)
    at window_main_WindowMain.<anonymous> (/usr/lib/bitwarden/app.asar/main.js:2440:28)
    at Generator.next (<anonymous>)
    at /usr/lib/bitwarden/app.asar/main.js:2304:71
    at new Promise (<anonymous>)
[2021-12-27 12:41:23.898] [error] TypeError: Object has been destroyed
    at window_main_WindowMain.<anonymous> (/usr/lib/bitwarden/app.asar/main.js:2491:36)
    at Generator.next (<anonymous>)
    at /usr/lib/bitwarden/app.asar/main.js:2304:71
    at new Promise (<anonymous>)
    at window_main_awaiter (/usr/lib/bitwarden/app.asar/main.js:2300:12)
    at window_main_WindowMain.updateWindowState (/usr/lib/bitwarden/app.asar/main.js:2486:16)
    at window_main_WindowMain.<anonymous> (/usr/lib/bitwarden/app.asar/main.js:2440:28)
    at Generator.next (<anonymous>)
    at /usr/lib/bitwarden/app.asar/main.js:2304:71
    at new Promise (<anonymous>)
[2021-12-27 13:03:05.480] [error] TypeError: Object has been destroyed
    at window_main_WindowMain.<anonymous> (/usr/lib/bitwarden/app.asar/main.js:2491:36)
    at Generator.next (<anonymous>)
    at /usr/lib/bitwarden/app.asar/main.js:2304:71
    at new Promise (<anonymous>)
    at window_main_awaiter (/usr/lib/bitwarden/app.asar/main.js:2300:12)
    at window_main_WindowMain.updateWindowState (/usr/lib/bitwarden/app.asar/main.js:2486:16)
    at window_main_WindowMain.<anonymous> (/usr/lib/bitwarden/app.asar/main.js:2440:28)
    at Generator.next (<anonymous>)
    at /usr/lib/bitwarden/app.asar/main.js:2304:71
    at new Promise (<anonymous>)
